<?xml version="1.0" encoding="UTF-8"?>
<testng-results skipped="0" failed="0" ignored="0" total="2" passed="2">
  <reporter-output>
    <line>
      <![CDATA[Browsing to URL: http://www.amazon.com]]>
    </line>
    <line>
      <![CDATA[Element is visible: Search box (By.id: twotabsearchtextbox)]]>
    </line>
    <line>
      <![CDATA[Element is visible: 'Go' button (By.cssSelector: input[value='Go'])]]>
    </line>
    <line>
      <![CDATA[*** On page: Amazon Landing Page]]>
    </line>
    <line>
      <![CDATA[Hover over element: 'Hello. Sign in' link (By.id: nav-link-accountList)]]>
    </line>
    <line>
      <![CDATA[Click on element: 'Sign in' button (By.className: nav-action-inner)]]>
    </line>
    <line>
      <![CDATA[Element is visible: 'Email (phone for mobile accounts)' input (By.id: ap_email)]]>
    </line>
    <line>
      <![CDATA[Element is visible: 'Continue' Button (By.id: continue)]]>
    </line>
    <line>
      <![CDATA[*** On page: Amazon Sign In - Email Input Page]]>
    </line>
    <line>
      <![CDATA[Write 'lena.blue11@gmail.com' to element: 'Email (phone for mobile accounts)' input (By.id: ap_email)]]>
    </line>
    <line>
      <![CDATA[Click on element: 'Continue' Button (By.id: continue)]]>
    </line>
    <line>
      <![CDATA[Element is visible: 'Password' input (By.id: ap_password)]]>
    </line>
    <line>
      <![CDATA[Element is visible: 'Sign in' Button (By.id: signInSubmit)]]>
    </line>
    <line>
      <![CDATA[*** On page: Amazon Sign In - Password Input Page]]>
    </line>
    <line>
      <![CDATA[Write 'Qa1234567' to element: 'Password' input (By.id: ap_password)]]>
    </line>
    <line>
      <![CDATA[Click on element: 'Sign in' Button (By.id: signInSubmit)]]>
    </line>
    <line>
      <![CDATA[Element is visible: 'Verification needed' title (By.xpath: //h1[text()='Verification needed'])]]>
    </line>
    <line>
      <![CDATA[Element is visible: 'Send code' button (By.id: continue)]]>
    </line>
    <line>
      <![CDATA[*** On page: Verification Needed Page]]>
    </line>
    <line>
      <![CDATA[Browsing to URL: http://www.amazon.com]]>
    </line>
    <line>
      <![CDATA[Element is visible: Search box (By.id: twotabsearchtextbox)]]>
    </line>
    <line>
      <![CDATA[Element is visible: 'Go' button (By.cssSelector: input[value='Go'])]]>
    </line>
    <line>
      <![CDATA[*** On page: Amazon Landing Page]]>
    </line>
    <line>
      <![CDATA[Hover over element: 'Hello. Sign in' link (By.id: nav-link-accountList)]]>
    </line>
    <line>
      <![CDATA[Click on element: 'Sign in' button (By.className: nav-action-inner)]]>
    </line>
    <line>
      <![CDATA[Element is visible: 'Email (phone for mobile accounts)' input (By.id: ap_email)]]>
    </line>
    <line>
      <![CDATA[Element is visible: 'Continue' Button (By.id: continue)]]>
    </line>
    <line>
      <![CDATA[*** On page: Amazon Sign In - Email Input Page]]>
    </line>
    <line>
      <![CDATA[Write 'lena.blue11@gmail.com' to element: 'Email (phone for mobile accounts)' input (By.id: ap_email)]]>
    </line>
    <line>
      <![CDATA[Click on element: 'Continue' Button (By.id: continue)]]>
    </line>
    <line>
      <![CDATA[Element is visible: 'Password' input (By.id: ap_password)]]>
    </line>
    <line>
      <![CDATA[Element is visible: 'Sign in' Button (By.id: signInSubmit)]]>
    </line>
    <line>
      <![CDATA[*** On page: Amazon Sign In - Password Input Page]]>
    </line>
    <line>
      <![CDATA[Write 'Qa12345678' to element: 'Password' input (By.id: ap_password)]]>
    </line>
    <line>
      <![CDATA[Click on element: 'Sign in' Button (By.id: signInSubmit)]]>
    </line>
    <line>
      <![CDATA[Element displayed: 'There was a problem' title (By.xpath: //h4[text()='There was a problem'])]]>
    </line>
    <line>
      <![CDATA[Assert True: Expect to see 'There was a problem message' - OK]]>
    </line>
  </reporter-output>
  <suite name="Default suite" duration-ms="66529" started-at="2018-10-15T17:03:05Z" finished-at="2018-10-15T17:04:11Z">
    <groups>
    </groups>
    <test name="Default test" duration-ms="66529" started-at="2018-10-15T17:03:05Z" finished-at="2018-10-15T17:04:11Z">
      <class name="com.amazon.auto.tests.AmazonLoginTests">
        <test-method status="PASS" signature="beforeClass()[pri:0, instance:com.amazon.auto.tests.AmazonLoginTests@6a41eaa2]" name="beforeClass" is-config="true" duration-ms="1357" started-at="2018-10-15T17:03:05Z" finished-at="2018-10-15T17:03:06Z">
          <reporter-output>
          </reporter-output>
        </test-method> <!-- beforeClass -->
        <test-method status="PASS" signature="loginTest(java.lang.String, java.lang.String, com.amazon.auto.tests.enums.AmazonLoginResult)[pri:0, instance:com.amazon.auto.tests.AmazonLoginTests@6a41eaa2]" name="loginTest" duration-ms="54555" started-at="2018-10-15T17:03:06Z" data-provider="csvParamsProvider" finished-at="2018-10-15T17:04:01Z">
          <params>
            <param index="0">
              <value>
                <![CDATA[lena.blue11@gmail.com]]>
              </value>
            </param>
            <param index="1">
              <value>
                <![CDATA[Qa1234567]]>
              </value>
            </param>
            <param index="2">
              <value>
                <![CDATA[VERIFICATION_CODE]]>
              </value>
            </param>
          </params>
          <reporter-output>
            <line>
              <![CDATA[Browsing to URL: http://www.amazon.com]]>
            </line>
            <line>
              <![CDATA[Element is visible: Search box (By.id: twotabsearchtextbox)]]>
            </line>
            <line>
              <![CDATA[Element is visible: 'Go' button (By.cssSelector: input[value='Go'])]]>
            </line>
            <line>
              <![CDATA[*** On page: Amazon Landing Page]]>
            </line>
            <line>
              <![CDATA[Hover over element: 'Hello. Sign in' link (By.id: nav-link-accountList)]]>
            </line>
            <line>
              <![CDATA[Click on element: 'Sign in' button (By.className: nav-action-inner)]]>
            </line>
            <line>
              <![CDATA[Element is visible: 'Email (phone for mobile accounts)' input (By.id: ap_email)]]>
            </line>
            <line>
              <![CDATA[Element is visible: 'Continue' Button (By.id: continue)]]>
            </line>
            <line>
              <![CDATA[*** On page: Amazon Sign In - Email Input Page]]>
            </line>
            <line>
              <![CDATA[Write 'lena.blue11@gmail.com' to element: 'Email (phone for mobile accounts)' input (By.id: ap_email)]]>
            </line>
            <line>
              <![CDATA[Click on element: 'Continue' Button (By.id: continue)]]>
            </line>
            <line>
              <![CDATA[Element is visible: 'Password' input (By.id: ap_password)]]>
            </line>
            <line>
              <![CDATA[Element is visible: 'Sign in' Button (By.id: signInSubmit)]]>
            </line>
            <line>
              <![CDATA[*** On page: Amazon Sign In - Password Input Page]]>
            </line>
            <line>
              <![CDATA[Write 'Qa1234567' to element: 'Password' input (By.id: ap_password)]]>
            </line>
            <line>
              <![CDATA[Click on element: 'Sign in' Button (By.id: signInSubmit)]]>
            </line>
            <line>
              <![CDATA[Element is visible: 'Verification needed' title (By.xpath: //h1[text()='Verification needed'])]]>
            </line>
            <line>
              <![CDATA[Element is visible: 'Send code' button (By.id: continue)]]>
            </line>
            <line>
              <![CDATA[*** On page: Verification Needed Page]]>
            </line>
          </reporter-output>
        </test-method> <!-- loginTest -->
        <test-method status="PASS" signature="beforeMethod()[pri:0, instance:com.amazon.auto.tests.AmazonLoginTests@6a41eaa2]" name="beforeMethod" is-config="true" duration-ms="0" started-at="2018-10-15T17:03:06Z" finished-at="2018-10-15T17:03:06Z">
          <reporter-output>
          </reporter-output>
        </test-method> <!-- beforeMethod -->
        <test-method status="PASS" signature="afterMethod()[pri:0, instance:com.amazon.auto.tests.AmazonLoginTests@6a41eaa2]" name="afterMethod" is-config="true" duration-ms="0" started-at="2018-10-15T17:04:01Z" finished-at="2018-10-15T17:04:01Z">
          <reporter-output>
          </reporter-output>
        </test-method> <!-- afterMethod -->
        <test-method status="PASS" signature="beforeMethod()[pri:0, instance:com.amazon.auto.tests.AmazonLoginTests@6a41eaa2]" name="beforeMethod" is-config="true" duration-ms="3" started-at="2018-10-15T17:04:01Z" finished-at="2018-10-15T17:04:01Z">
          <reporter-output>
          </reporter-output>
        </test-method> <!-- beforeMethod -->
        <test-method status="PASS" signature="loginTest(java.lang.String, java.lang.String, com.amazon.auto.tests.enums.AmazonLoginResult)[pri:0, instance:com.amazon.auto.tests.AmazonLoginTests@6a41eaa2]" name="loginTest" duration-ms="10458" started-at="2018-10-15T17:04:01Z" data-provider="csvParamsProvider" finished-at="2018-10-15T17:04:11Z">
          <params>
            <param index="0">
              <value>
                <![CDATA[lena.blue11@gmail.com]]>
              </value>
            </param>
            <param index="1">
              <value>
                <![CDATA[Qa12345678]]>
              </value>
            </param>
            <param index="2">
              <value>
                <![CDATA[THERE_WAS_A_PROBLEM]]>
              </value>
            </param>
          </params>
          <reporter-output>
            <line>
              <![CDATA[Browsing to URL: http://www.amazon.com]]>
            </line>
            <line>
              <![CDATA[Element is visible: Search box (By.id: twotabsearchtextbox)]]>
            </line>
            <line>
              <![CDATA[Element is visible: 'Go' button (By.cssSelector: input[value='Go'])]]>
            </line>
            <line>
              <![CDATA[*** On page: Amazon Landing Page]]>
            </line>
            <line>
              <![CDATA[Hover over element: 'Hello. Sign in' link (By.id: nav-link-accountList)]]>
            </line>
            <line>
              <![CDATA[Click on element: 'Sign in' button (By.className: nav-action-inner)]]>
            </line>
            <line>
              <![CDATA[Element is visible: 'Email (phone for mobile accounts)' input (By.id: ap_email)]]>
            </line>
            <line>
              <![CDATA[Element is visible: 'Continue' Button (By.id: continue)]]>
            </line>
            <line>
              <![CDATA[*** On page: Amazon Sign In - Email Input Page]]>
            </line>
            <line>
              <![CDATA[Write 'lena.blue11@gmail.com' to element: 'Email (phone for mobile accounts)' input (By.id: ap_email)]]>
            </line>
            <line>
              <![CDATA[Click on element: 'Continue' Button (By.id: continue)]]>
            </line>
            <line>
              <![CDATA[Element is visible: 'Password' input (By.id: ap_password)]]>
            </line>
            <line>
              <![CDATA[Element is visible: 'Sign in' Button (By.id: signInSubmit)]]>
            </line>
            <line>
              <![CDATA[*** On page: Amazon Sign In - Password Input Page]]>
            </line>
            <line>
              <![CDATA[Write 'Qa12345678' to element: 'Password' input (By.id: ap_password)]]>
            </line>
            <line>
              <![CDATA[Click on element: 'Sign in' Button (By.id: signInSubmit)]]>
            </line>
            <line>
              <![CDATA[Element displayed: 'There was a problem' title (By.xpath: //h4[text()='There was a problem'])]]>
            </line>
            <line>
              <![CDATA[Assert True: Expect to see 'There was a problem message' - OK]]>
            </line>
          </reporter-output>
        </test-method> <!-- loginTest -->
        <test-method status="PASS" signature="afterMethod()[pri:0, instance:com.amazon.auto.tests.AmazonLoginTests@6a41eaa2]" name="afterMethod" is-config="true" duration-ms="1" started-at="2018-10-15T17:04:11Z" finished-at="2018-10-15T17:04:11Z">
          <reporter-output>
          </reporter-output>
        </test-method> <!-- afterMethod -->
        <test-method status="PASS" signature="afterClass()[pri:0, instance:com.amazon.auto.tests.AmazonLoginTests@6a41eaa2]" name="afterClass" is-config="true" duration-ms="1" started-at="2018-10-15T17:04:11Z" finished-at="2018-10-15T17:04:11Z">
          <reporter-output>
          </reporter-output>
        </test-method> <!-- afterClass -->
      </class> <!-- com.amazon.auto.tests.AmazonLoginTests -->
    </test> <!-- Default test -->
  </suite> <!-- Default suite -->
</testng-results>
